<?xml version="1.0" encoding="UTF-8"?>
<testsuite xmlns:xsi="http://www.w3.org/2001/XMLSchema-instance" xsi:noNamespaceSchemaLocation="https://maven.apache.org/surefire/maven-surefire-plugin/xsd/surefire-test-report.xsd" version="3.0.2" name="com.bookrental.BookRentalApplicationTests" time="20.978" tests="1" errors="0" skipped="0" failures="0">
  <properties>
[...]
</properties>
  <testcase name="contextLoads" classname="com.bookrental.BookRentalApplicationTests" time="0.772">
    <system-out><![CDATA[Standard Commons Logging discovery in action with spring-jcl: please remove commons-logging.jar from classpath in order to avoid potential conflicts
14:17:33.148 [main] INFO org.springframework.test.context.support.AnnotationConfigContextLoaderUtils -- Could not detect default configuration classes for test class [com.bookrental.BookRentalApplicationTests]: BookRentalApplicationTests does not declare any static, non-private, non-final, nested classes annotated with @Configuration.
14:17:33.373 [main] INFO org.springframework.boot.test.context.SpringBootTestContextBootstrapper -- Found @SpringBootConfiguration com.bookrental.BookRentalApplication for test class com.bookrental.BookRentalApplicationTests

  .   ____          _            __ _ _
 /\\ / ___'_ __ _ _(_)_ __  __ _ \ \ \ \
( ( )\___ | '_ | '_| | '_ \/ _` | \ \ \ \
 \\/  ___)| |_)| | | | | || (_| |  ) ) ) )
  '  |____| .__|_| |_|_| |_\__, | / / / /
 =========|_|==============|___/=/_/_/_/

 :: Spring Boot ::                (v3.4.0)

2025-01-17T14:17:34.223+05:45  INFO 27164 --- [BOOK_RENTAL] [           main] c.bookrental.BookRentalApplicationTests  : Starting BookRentalApplicationTests using Java 17.0.12 with PID 27164 (started by Aashis Pandey in C:\Users\Aashis Pandey\Desktop\BookRental\BookRental)
2025-01-17T14:17:34.224+05:45  INFO 27164 --- [BOOK_RENTAL] [           main] c.bookrental.BookRentalApplicationTests  : No active profile set, falling back to 1 default profile: "default"
2025-01-17T14:17:35.710+05:45  INFO 27164 --- [BOOK_RENTAL] [           main] .s.d.r.c.RepositoryConfigurationDelegate : Bootstrapping Spring Data JPA repositories in DEFAULT mode.
2025-01-17T14:17:35.877+05:45  INFO 27164 --- [BOOK_RENTAL] [           main] .s.d.r.c.RepositoryConfigurationDelegate : Finished Spring Data repository scanning in 148 ms. Found 9 JPA repository interfaces.
2025-01-17T14:17:38.208+05:45  INFO 27164 --- [BOOK_RENTAL] [           main] o.hibernate.jpa.internal.util.LogHelper  : HHH000204: Processing PersistenceUnitInfo [name: default]
2025-01-17T14:17:38.412+05:45  INFO 27164 --- [BOOK_RENTAL] [           main] org.hibernate.Version                    : HHH000412: Hibernate ORM core version 6.6.2.Final
2025-01-17T14:17:38.526+05:45  INFO 27164 --- [BOOK_RENTAL] [           main] o.h.c.internal.RegionFactoryInitiator    : HHH000026: Second-level cache disabled
2025-01-17T14:17:39.410+05:45  INFO 27164 --- [BOOK_RENTAL] [           main] o.s.o.j.p.SpringPersistenceUnitInfo      : No LoadTimeWeaver setup: ignoring JPA class transformer
2025-01-17T14:17:39.518+05:45  INFO 27164 --- [BOOK_RENTAL] [           main] com.zaxxer.hikari.HikariDataSource       : HikariPool-1 - Starting...
2025-01-17T14:17:41.171+05:45  INFO 27164 --- [BOOK_RENTAL] [           main] com.zaxxer.hikari.pool.HikariPool        : HikariPool-1 - Added connection org.postgresql.jdbc.PgConnection@3c1908c8
2025-01-17T14:17:41.177+05:45  INFO 27164 --- [BOOK_RENTAL] [           main] com.zaxxer.hikari.HikariDataSource       : HikariPool-1 - Start completed.
2025-01-17T14:17:41.619+05:45  INFO 27164 --- [BOOK_RENTAL] [           main] org.hibernate.orm.connections.pooling    : HHH10001005: Database info:
	Database JDBC URL [Connecting through datasource 'HikariDataSource (HikariPool-1)']
	Database driver: undefined/unknown
	Database version: 16.4
	Autocommit mode: undefined/unknown
	Isolation level: undefined/unknown
	Minimum pool size: undefined/unknown
	Maximum pool size: undefined/unknown
2025-01-17T14:17:45.012+05:45  INFO 27164 --- [BOOK_RENTAL] [           main] o.h.e.t.j.p.i.JtaPlatformInitiator       : HHH000489: No JTA platform available (set 'hibernate.transaction.jta.platform' to enable JTA platform integration)
Hibernate: alter table if exists role_permission_mapping drop constraint if exists uk_role_id
2025-01-17T14:17:46.289+05:45  WARN 27164 --- [BOOK_RENTAL] [           main] o.h.engine.jdbc.spi.SqlExceptionHelper   : SQL Warning Code: 0, SQLState: 00000
2025-01-17T14:17:46.289+05:45  WARN 27164 --- [BOOK_RENTAL] [           main] o.h.engine.jdbc.spi.SqlExceptionHelper   : constraint "uk_role_id" of relation "role_permission_mapping" does not exist, skipping
Hibernate: alter table if exists role_permission_mapping add constraint uk_role_id unique (role)
Hibernate: alter table if exists role_permission_mapping drop constraint if exists uk_permission_id
2025-01-17T14:17:46.458+05:45  WARN 27164 --- [BOOK_RENTAL] [           main] o.h.engine.jdbc.spi.SqlExceptionHelper   : SQL Warning Code: 0, SQLState: 00000
2025-01-17T14:17:46.459+05:45  WARN 27164 --- [BOOK_RENTAL] [           main] o.h.engine.jdbc.spi.SqlExceptionHelper   : constraint "uk_permission_id" of relation "role_permission_mapping" does not exist, skipping
Hibernate: alter table if exists role_permission_mapping add constraint uk_permission_id unique (permission)
2025-01-17T14:17:49.275+05:45  INFO 27164 --- [BOOK_RENTAL] [           main] j.LocalContainerEntityManagerFactoryBean : Initialized JPA EntityManagerFactory for persistence unit 'default'
2025-01-17T14:17:49.762+05:45  INFO 27164 --- [BOOK_RENTAL] [           main] o.s.d.j.r.query.QueryEnhancerFactory     : Hibernate is in classpath; If applicable, HQL parser will be used.
2025-01-17T14:17:49.998+05:45  INFO 27164 --- [BOOK_RENTAL] [           main] eAuthenticationProviderManagerConfigurer : Global AuthenticationManager configured with AuthenticationProvider bean with name authenticationProvider
2025-01-17T14:17:49.999+05:45  WARN 27164 --- [BOOK_RENTAL] [           main] r$InitializeUserDetailsManagerConfigurer : Global AuthenticationManager configured with an AuthenticationProvider bean. UserDetailsService beans will not be used by Spring Security for automatically configuring username/password login. Consider removing the AuthenticationProvider bean. Alternatively, consider using the UserDetailsService in a manually instantiated DaoAuthenticationProvider. If the current configuration is intentional, to turn off this warning, increase the logging level of 'org.springframework.security.config.annotation.authentication.configuration.InitializeUserDetailsBeanManagerConfigurer' to ERROR
2025-01-17T14:17:51.584+05:45  WARN 27164 --- [BOOK_RENTAL] [           main] JpaBaseConfiguration$JpaWebConfiguration : spring.jpa.open-in-view is enabled by default. Therefore, database queries may be performed during view rendering. Explicitly configure spring.jpa.open-in-view to disable this warning
2025-01-17T14:17:52.974+05:45  INFO 27164 --- [BOOK_RENTAL] [           main] c.bookrental.BookRentalApplicationTests  : Started BookRentalApplicationTests in 19.235 seconds (process running for 21.154)
]]></system-out>
  </testcase>
</testsuite>